# JRE version: OpenJDK Runtime Environment (11.0.2+9) (build 11.0.2+9)
# Java VM: OpenJDK 64-Bit Server VM (11.0.2+9, mixed mode, tiered, compressed oops, g1 gc, windows-amd64)
Heap:
 garbage-first heap   total 309248K, used 106560K [0x0000000740000000, 0x0000000800000000)
  region size 1024K, 9 young (9216K), 1 survivors (1024K)
 Metaspace       used 98943K, capacity 101735K, committed 101788K, reserved 1136640K
  class space    used 13630K, capacity 14904K, committed 14924K, reserved 1048576K
GC Heap History (10 events):
Event: 665.896 GC heap before
{Heap before GC invocations=268 (full 59):
 garbage-first heap   total 309248K, used 99953K [0x0000000740000000, 0x0000000800000000)
  region size 1024K, 5 young (5120K), 0 survivors (0K)
 Metaspace       used 98855K, capacity 101727K, committed 101788K, reserved 1136640K
  class space    used 13622K, capacity 14904K, committed 14924K, reserved 1048576K
}
Event: 665.897 GC heap after
{Heap after GC invocations=269 (full 59):
 garbage-first heap   total 309248K, used 96034K [0x0000000740000000, 0x0000000800000000)
  region size 1024K, 1 young (1024K), 1 survivors (1024K)
 Metaspace       used 98855K, capacity 101727K, committed 101788K, reserved 1136640K
  class space    used 13622K, capacity 14904K, committed 14924K, reserved 1048576K
}
Event: 669.002 GC heap before
{Heap before GC invocations=269 (full 59):
 garbage-first heap   total 309248K, used 113442K [0x0000000740000000, 0x0000000800000000)
  region size 1024K, 19 young (19456K), 1 survivors (1024K)
 Metaspace       used 98858K, capacity 101727K, committed 101788K, reserved 1136640K
  class space    used 13622K, capacity 14904K, committed 14924K, reserved 1048576K
}
Event: 669.071 GC heap after
{Heap after GC invocations=270 (full 60):
 garbage-first heap   total 309248K, used 95519K [0x0000000740000000, 0x0000000800000000)
  region size 1024K, 0 young (0K), 0 survivors (0K)
 Metaspace       used 98858K, capacity 101727K, committed 101788K, reserved 1136640K
  class space    used 13622K, capacity 14904K, committed 14924K, reserved 1048576K
}
Event: 675.362 GC heap before
{Heap before GC invocations=270 (full 60):
 garbage-first heap   total 309248K, used 156959K [0x0000000740000000, 0x0000000800000000)
  region size 1024K, 60 young (61440K), 0 survivors (0K)
 Metaspace       used 98911K, capacity 101735K, committed 101788K, reserved 1136640K
  class space    used 13622K, capacity 14904K, committed 14924K, reserved 1048576K
}
Event: 675.364 GC heap after
{Heap after GC invocations=271 (full 60):
 garbage-first heap   total 309248K, used 95979K [0x0000000740000000, 0x0000000800000000)
  region size 1024K, 1 young (1024K), 1 survivors (1024K)
 Metaspace       used 98911K, capacity 101735K, committed 101788K, reserved 1136640K
  class space    used 13622K, capacity 14904K, committed 14924K, reserved 1048576K
}
Event: 679.735 GC heap before
{Heap before GC invocations=271 (full 60):
 garbage-first heap   total 309248K, used 156395K [0x0000000740000000, 0x0000000800000000)
  region size 1024K, 60 young (61440K), 1 survivors (1024K)
 Metaspace       used 98931K, capacity 101735K, committed 101788K, reserved 1136640K
  class space    used 13630K, capacity 14904K, committed 14924K, reserved 1048576K
}
Event: 679.738 GC heap after
{Heap after GC invocations=272 (full 60):
 garbage-first heap   total 309248K, used 96469K [0x0000000740000000, 0x0000000800000000)
  region size 1024K, 1 young (1024K), 1 survivors (1024K)
 Metaspace       used 98931K, capacity 101735K, committed 101788K, reserved 1136640K
  class space    used 13630K, capacity 14904K, committed 14924K, reserved 1048576K
}
Event: 680.770 GC heap before
{Heap before GC invocations=272 (full 60):
 garbage-first heap   total 309248K, used 159957K [0x0000000740000000, 0x0000000800000000)
  region size 1024K, 60 young (61440K), 1 survivors (1024K)
 Metaspace       used 98943K, capacity 101735K, committed 101788K, reserved 1136640K
  class space    used 13630K, capacity 14904K, committed 14924K, reserved 1048576K
}
Event: 680.772 GC heap after
{Heap after GC invocations=273 (full 60):
 garbage-first heap   total 309248K, used 99392K [0x0000000740000000, 0x0000000800000000)
  region size 1024K, 1 young (1024K), 1 survivors (1024K)
 Metaspace       used 98943K, capacity 101735K, committed 101788K, reserved 1136640K
  class space    used 13630K, capacity 14904K, committed 14924K, reserved 1048576K
}

